0 info it worked if it ends with ok
1 verbose cli [ '/usr/bin/nodejs',
1 verbose cli   '/usr/bin/npm',
1 verbose cli   'install',
1 verbose cli   '--save-dev',
1 verbose cli   'gulp-shell' ]
2 info using npm@1.3.10
3 info using node@v0.10.25
4 warn package.json distributed_app_with_go@1.0.0 No repository field.
5 verbose readDependencies using package.json deps
6 verbose cache add [ 'gulp-shell', null ]
7 verbose cache add name=undefined spec="gulp-shell" args=["gulp-shell",null]
8 verbose parsed url { protocol: null,
8 verbose parsed url   slashes: null,
8 verbose parsed url   auth: null,
8 verbose parsed url   host: null,
8 verbose parsed url   port: null,
8 verbose parsed url   hostname: null,
8 verbose parsed url   hash: null,
8 verbose parsed url   search: null,
8 verbose parsed url   query: null,
8 verbose parsed url   pathname: 'gulp-shell',
8 verbose parsed url   path: 'gulp-shell',
8 verbose parsed url   href: 'gulp-shell' }
9 silly lockFile 0eb96ba3-gulp-shell gulp-shell
10 verbose lock gulp-shell /home/ramandeep/.npm/0eb96ba3-gulp-shell.lock
11 silly lockFile 0eb96ba3-gulp-shell gulp-shell
12 silly lockFile 0eb96ba3-gulp-shell gulp-shell
13 verbose addNamed [ 'gulp-shell', '' ]
14 verbose addNamed [ null, '*' ]
15 silly lockFile f3e61bc3-gulp-shell gulp-shell@
16 verbose lock gulp-shell@ /home/ramandeep/.npm/f3e61bc3-gulp-shell.lock
17 silly addNameRange { name: 'gulp-shell', range: '*', hasData: false }
18 verbose url raw gulp-shell
19 verbose url resolving [ 'https://registry.npmjs.org/', './gulp-shell' ]
20 verbose url resolved https://registry.npmjs.org/gulp-shell
21 info trying registry request attempt 1 at 22:13:19
22 http GET https://registry.npmjs.org/gulp-shell
23 http 200 https://registry.npmjs.org/gulp-shell
24 silly registry.get cb [ 200,
24 silly registry.get   { server: 'CouchDB/1.5.0 (Erlang OTP/R16B03)',
24 silly registry.get     etag: '"3FT4WAAT8BPYMQ7QS4XGEF5H8"',
24 silly registry.get     'content-type': 'application/json',
24 silly registry.get     'cache-control': 'max-age=300',
24 silly registry.get     'content-length': '31563',
24 silly registry.get     'accept-ranges': 'bytes',
24 silly registry.get     date: 'Fri, 21 Oct 2016 05:13:20 GMT',
24 silly registry.get     via: '1.1 varnish',
24 silly registry.get     age: '0',
24 silly registry.get     connection: 'keep-alive',
24 silly registry.get     'x-served-by': 'cache-sea1925-SEA',
24 silly registry.get     'x-cache': 'MISS',
24 silly registry.get     'x-cache-hits': '0',
24 silly registry.get     'x-timer': 'S1477026800.042075,VS0,VE156',
24 silly registry.get     vary: 'Accept-Encoding' } ]
25 silly addNameRange number 2 { name: 'gulp-shell', range: '*', hasData: true }
26 silly addNameRange versions [ 'gulp-shell',
26 silly addNameRange   [ '0.1.0',
26 silly addNameRange     '0.2.0',
26 silly addNameRange     '0.2.1',
26 silly addNameRange     '0.2.2',
26 silly addNameRange     '0.2.3',
26 silly addNameRange     '0.2.4',
26 silly addNameRange     '0.2.5',
26 silly addNameRange     '0.2.7',
26 silly addNameRange     '0.2.8',
26 silly addNameRange     '0.2.9',
26 silly addNameRange     '0.2.10',
26 silly addNameRange     '0.2.11',
26 silly addNameRange     '0.3.0',
26 silly addNameRange     '0.4.0',
26 silly addNameRange     '0.4.1',
26 silly addNameRange     '0.4.2',
26 silly addNameRange     '0.4.3',
26 silly addNameRange     '0.5.0',
26 silly addNameRange     '0.5.1',
26 silly addNameRange     '0.5.2' ] ]
27 verbose addNamed [ 'gulp-shell', '0.5.2' ]
28 verbose addNamed [ '0.5.2', '0.5.2' ]
29 silly lockFile 44ed9264-gulp-shell-0-5-2 gulp-shell@0.5.2
30 verbose lock gulp-shell@0.5.2 /home/ramandeep/.npm/44ed9264-gulp-shell-0-5-2.lock
31 silly lockFile 336fee49--gulp-shell-gulp-shell-0-5-2-tgz https://registry.npmjs.org/gulp-shell/-/gulp-shell-0.5.2.tgz
32 verbose lock https://registry.npmjs.org/gulp-shell/-/gulp-shell-0.5.2.tgz /home/ramandeep/.npm/336fee49--gulp-shell-gulp-shell-0-5-2-tgz.lock
33 verbose addRemoteTarball [ 'https://registry.npmjs.org/gulp-shell/-/gulp-shell-0.5.2.tgz',
33 verbose addRemoteTarball   'a4959ca0651ad1c7bbfe70b2d0adbbb4e1aea98d' ]
34 silly lockFile 336fee49--gulp-shell-gulp-shell-0-5-2-tgz https://registry.npmjs.org/gulp-shell/-/gulp-shell-0.5.2.tgz
35 silly lockFile 336fee49--gulp-shell-gulp-shell-0-5-2-tgz https://registry.npmjs.org/gulp-shell/-/gulp-shell-0.5.2.tgz
36 silly lockFile 44ed9264-gulp-shell-0-5-2 gulp-shell@0.5.2
37 silly lockFile 44ed9264-gulp-shell-0-5-2 gulp-shell@0.5.2
38 silly lockFile f3e61bc3-gulp-shell gulp-shell@
39 silly lockFile f3e61bc3-gulp-shell gulp-shell@
40 error Error: EACCES, mkdir '/home/ramandeep/tmp/npm-27850-FignNPqm'
40 error  { [Error: EACCES, mkdir '/home/ramandeep/tmp/npm-27850-FignNPqm']
40 error   errno: 3,
40 error   code: 'EACCES',
40 error   path: '/home/ramandeep/tmp/npm-27850-FignNPqm' }
41 error Please try running this command again as root/Administrator.
42 error System Linux 3.13.0-73-generic
43 error command "/usr/bin/nodejs" "/usr/bin/npm" "install" "--save-dev" "gulp-shell"
44 error cwd /home/ramandeep/go_src/src/github.com/rdeepk/temprature-monitoring
45 error node -v v0.10.25
46 error npm -v 1.3.10
47 error path /home/ramandeep/tmp/npm-27850-FignNPqm
48 error code EACCES
49 error errno 3
50 error stack Error: EACCES, mkdir '/home/ramandeep/tmp/npm-27850-FignNPqm'
51 verbose exit [ 3, true ]
